<?xml version="1.0" encoding="UTF-8"?>
<testsuite xmlns:xsi="http://www.w3.org/2001/XMLSchema-instance" xsi:noNamespaceSchemaLocation="https://maven.apache.org/surefire/maven-surefire-plugin/xsd/surefire-test-report-3.0.xsd" version="3.0" name="Testing.AuthorDAOTest" time="3.557" tests="5" errors="0" skipped="0" failures="0">
  <properties>
    <property name="java.specification.version" value="17"/>
    <property name="sun.cpu.isalist" value="amd64"/>
    <property name="sun.jnu.encoding" value="Cp1252"/>
    <property name="java.class.path" value="C:\Users\jouanot\work\grenoble\2023-2024\S1\M1INFO\TP\TP10\tpbdjpa_ET\target\test-classes;C:\Users\jouanot\work\grenoble\2023-2024\S1\M1INFO\TP\TP10\tpbdjpa_ET\target\classes;C:\Users\jouanot\.m2\repository\jakarta\persistence\jakarta.persistence-api\3.1.0\jakarta.persistence-api-3.1.0.jar;C:\Users\jouanot\.m2\repository\org\hibernate\orm\hibernate-core\6.3.1.Final\hibernate-core-6.3.1.Final.jar;C:\Users\jouanot\.m2\repository\jakarta\transaction\jakarta.transaction-api\2.0.1\jakarta.transaction-api-2.0.1.jar;C:\Users\jouanot\.m2\repository\org\jboss\logging\jboss-logging\3.5.0.Final\jboss-logging-3.5.0.Final.jar;C:\Users\jouanot\.m2\repository\org\hibernate\common\hibernate-commons-annotations\6.0.6.Final\hibernate-commons-annotations-6.0.6.Final.jar;C:\Users\jouanot\.m2\repository\io\smallrye\jandex\3.1.2\jandex-3.1.2.jar;C:\Users\jouanot\.m2\repository\com\fasterxml\classmate\1.5.1\classmate-1.5.1.jar;C:\Users\jouanot\.m2\repository\net\bytebuddy\byte-buddy\1.14.7\byte-buddy-1.14.7.jar;C:\Users\jouanot\.m2\repository\jakarta\xml\bind\jakarta.xml.bind-api\4.0.0\jakarta.xml.bind-api-4.0.0.jar;C:\Users\jouanot\.m2\repository\jakarta\activation\jakarta.activation-api\2.1.0\jakarta.activation-api-2.1.0.jar;C:\Users\jouanot\.m2\repository\org\glassfish\jaxb\jaxb-runtime\4.0.2\jaxb-runtime-4.0.2.jar;C:\Users\jouanot\.m2\repository\org\glassfish\jaxb\jaxb-core\4.0.2\jaxb-core-4.0.2.jar;C:\Users\jouanot\.m2\repository\org\eclipse\angus\angus-activation\2.0.0\angus-activation-2.0.0.jar;C:\Users\jouanot\.m2\repository\org\glassfish\jaxb\txw2\4.0.2\txw2-4.0.2.jar;C:\Users\jouanot\.m2\repository\com\sun\istack\istack-commons-runtime\4.1.1\istack-commons-runtime-4.1.1.jar;C:\Users\jouanot\.m2\repository\jakarta\inject\jakarta.inject-api\2.0.1\jakarta.inject-api-2.0.1.jar;C:\Users\jouanot\.m2\repository\org\antlr\antlr4-runtime\4.10.1\antlr4-runtime-4.10.1.jar;C:\Users\jouanot\.m2\repository\junit\junit\4.13.2\junit-4.13.2.jar;C:\Users\jouanot\.m2\repository\org\hamcrest\hamcrest-core\1.3\hamcrest-core-1.3.jar;C:\Users\jouanot\.m2\repository\com\h2database\h2\1.4.200\h2-1.4.200.jar;C:\Users\jouanot\.m2\repository\com\oracle\database\jdbc\ojdbc8\19.3.0.0\ojdbc8-19.3.0.0.jar;C:\Users\jouanot\.m2\repository\com\oracle\database\jdbc\ucp\19.3.0.0\ucp-19.3.0.0.jar;C:\Users\jouanot\.m2\repository\com\oracle\database\security\oraclepki\19.3.0.0\oraclepki-19.3.0.0.jar;C:\Users\jouanot\.m2\repository\com\oracle\database\security\osdt_cert\19.3.0.0\osdt_cert-19.3.0.0.jar;C:\Users\jouanot\.m2\repository\com\oracle\database\security\osdt_core\19.3.0.0\osdt_core-19.3.0.0.jar;C:\Users\jouanot\.m2\repository\com\oracle\database\ha\simplefan\19.3.0.0\simplefan-19.3.0.0.jar;C:\Users\jouanot\.m2\repository\com\oracle\database\ha\ons\19.3.0.0\ons-19.3.0.0.jar;"/>
    <property name="java.vm.vendor" value="Oracle Corporation"/>
    <property name="sun.arch.data.model" value="64"/>
    <property name="user.variant" value=""/>
    <property name="java.vendor.url" value="https://java.oracle.com/"/>
    <property name="user.timezone" value="Europe/Paris"/>
    <property name="os.name" value="Windows 10"/>
    <property name="java.vm.specification.version" value="17"/>
    <property name="sun.java.launcher" value="SUN_STANDARD"/>
    <property name="user.country" value="FR"/>
    <property name="sun.boot.library.path" value="C:\Program Files\Java\jdk-17\bin"/>
    <property name="sun.java.command" value="C:\Users\jouanot\AppData\Local\Temp\surefire5701205582420184349\surefirebooter-20231121104523904_3.jar C:\Users\jouanot\AppData\Local\Temp\surefire5701205582420184349 2023-11-21T10-45-23_662-jvmRun1 surefire-20231121104523904_1tmp surefire_0-20231121104523904_2tmp"/>
    <property name="jdk.debug" value="release"/>
    <property name="surefire.test.class.path" value="C:\Users\jouanot\work\grenoble\2023-2024\S1\M1INFO\TP\TP10\tpbdjpa_ET\target\test-classes;C:\Users\jouanot\work\grenoble\2023-2024\S1\M1INFO\TP\TP10\tpbdjpa_ET\target\classes;C:\Users\jouanot\.m2\repository\jakarta\persistence\jakarta.persistence-api\3.1.0\jakarta.persistence-api-3.1.0.jar;C:\Users\jouanot\.m2\repository\org\hibernate\orm\hibernate-core\6.3.1.Final\hibernate-core-6.3.1.Final.jar;C:\Users\jouanot\.m2\repository\jakarta\transaction\jakarta.transaction-api\2.0.1\jakarta.transaction-api-2.0.1.jar;C:\Users\jouanot\.m2\repository\org\jboss\logging\jboss-logging\3.5.0.Final\jboss-logging-3.5.0.Final.jar;C:\Users\jouanot\.m2\repository\org\hibernate\common\hibernate-commons-annotations\6.0.6.Final\hibernate-commons-annotations-6.0.6.Final.jar;C:\Users\jouanot\.m2\repository\io\smallrye\jandex\3.1.2\jandex-3.1.2.jar;C:\Users\jouanot\.m2\repository\com\fasterxml\classmate\1.5.1\classmate-1.5.1.jar;C:\Users\jouanot\.m2\repository\net\bytebuddy\byte-buddy\1.14.7\byte-buddy-1.14.7.jar;C:\Users\jouanot\.m2\repository\jakarta\xml\bind\jakarta.xml.bind-api\4.0.0\jakarta.xml.bind-api-4.0.0.jar;C:\Users\jouanot\.m2\repository\jakarta\activation\jakarta.activation-api\2.1.0\jakarta.activation-api-2.1.0.jar;C:\Users\jouanot\.m2\repository\org\glassfish\jaxb\jaxb-runtime\4.0.2\jaxb-runtime-4.0.2.jar;C:\Users\jouanot\.m2\repository\org\glassfish\jaxb\jaxb-core\4.0.2\jaxb-core-4.0.2.jar;C:\Users\jouanot\.m2\repository\org\eclipse\angus\angus-activation\2.0.0\angus-activation-2.0.0.jar;C:\Users\jouanot\.m2\repository\org\glassfish\jaxb\txw2\4.0.2\txw2-4.0.2.jar;C:\Users\jouanot\.m2\repository\com\sun\istack\istack-commons-runtime\4.1.1\istack-commons-runtime-4.1.1.jar;C:\Users\jouanot\.m2\repository\jakarta\inject\jakarta.inject-api\2.0.1\jakarta.inject-api-2.0.1.jar;C:\Users\jouanot\.m2\repository\org\antlr\antlr4-runtime\4.10.1\antlr4-runtime-4.10.1.jar;C:\Users\jouanot\.m2\repository\junit\junit\4.13.2\junit-4.13.2.jar;C:\Users\jouanot\.m2\repository\org\hamcrest\hamcrest-core\1.3\hamcrest-core-1.3.jar;C:\Users\jouanot\.m2\repository\com\h2database\h2\1.4.200\h2-1.4.200.jar;C:\Users\jouanot\.m2\repository\com\oracle\database\jdbc\ojdbc8\19.3.0.0\ojdbc8-19.3.0.0.jar;C:\Users\jouanot\.m2\repository\com\oracle\database\jdbc\ucp\19.3.0.0\ucp-19.3.0.0.jar;C:\Users\jouanot\.m2\repository\com\oracle\database\security\oraclepki\19.3.0.0\oraclepki-19.3.0.0.jar;C:\Users\jouanot\.m2\repository\com\oracle\database\security\osdt_cert\19.3.0.0\osdt_cert-19.3.0.0.jar;C:\Users\jouanot\.m2\repository\com\oracle\database\security\osdt_core\19.3.0.0\osdt_core-19.3.0.0.jar;C:\Users\jouanot\.m2\repository\com\oracle\database\ha\simplefan\19.3.0.0\simplefan-19.3.0.0.jar;C:\Users\jouanot\.m2\repository\com\oracle\database\ha\ons\19.3.0.0\ons-19.3.0.0.jar;"/>
    <property name="sun.cpu.endian" value="little"/>
    <property name="user.home" value="C:\Users\jouanot"/>
    <property name="user.language" value="fr"/>
    <property name="java.specification.vendor" value="Oracle Corporation"/>
    <property name="java.version.date" value="2023-01-17"/>
    <property name="java.home" value="C:\Program Files\Java\jdk-17"/>
    <property name="file.separator" value="\"/>
    <property name="basedir" value="C:\Users\jouanot\work\grenoble\2023-2024\S1\M1INFO\TP\TP10\tpbdjpa_ET"/>
    <property name="java.vm.compressedOopsMode" value="Zero based"/>
    <property name="line.separator" value="&#10;"/>
    <property name="java.vm.specification.vendor" value="Oracle Corporation"/>
    <property name="java.specification.name" value="Java Platform API Specification"/>
    <property name="surefire.real.class.path" value="C:\Users\jouanot\AppData\Local\Temp\surefire5701205582420184349\surefirebooter-20231121104523904_3.jar"/>
    <property name="user.script" value=""/>
    <property name="sun.management.compiler" value="HotSpot 64-Bit Tiered Compilers"/>
    <property name="java.runtime.version" value="17.0.6+9-LTS-190"/>
    <property name="user.name" value="jouanot"/>
    <property name="path.separator" value=";"/>
    <property name="os.version" value="10.0"/>
    <property name="java.runtime.name" value="Java(TM) SE Runtime Environment"/>
    <property name="file.encoding" value="Cp1252"/>
    <property name="java.vm.name" value="Java HotSpot(TM) 64-Bit Server VM"/>
    <property name="localRepository" value="C:\Users\jouanot\.m2\repository"/>
    <property name="java.vendor.url.bug" value="https://bugreport.java.com/bugreport/"/>
    <property name="java.io.tmpdir" value="C:\Users\jouanot\AppData\Local\Temp\"/>
    <property name="java.version" value="17.0.6"/>
    <property name="user.dir" value="C:\Users\jouanot\work\grenoble\2023-2024\S1\M1INFO\TP\TP10\tpbdjpa_ET"/>
    <property name="os.arch" value="amd64"/>
    <property name="java.vm.specification.name" value="Java Virtual Machine Specification"/>
    <property name="sun.os.patch.level" value=""/>
    <property name="native.encoding" value="Cp1252"/>
    <property name="java.library.path" value="C:\Program Files\Java\jdk-17\bin;C:\WINDOWS\Sun\Java\bin;C:\WINDOWS\system32;C:\WINDOWS;C:\Program Files\Common Files\Oracle\Java\javapath;C:\Program Files\ImageMagick-7.0.10-Q16-HDRI;C:\Program Files (x86)\Common Files\Oracle\Java\javapath;C:\ProgramData\Oracle\Java\javapath;C:\WINDOWS\system32;C:\WINDOWS;C:\WINDOWS\System32\Wbem;C:\WINDOWS\System32\WindowsPowerShell\v1.0\;C:\WINDOWS\System32\OpenSSH\;C:\Program Files\PuTTY\;C:\Program Files\TortoiseSVN\bin;C:\Program Files\MiKTeX 2.9\miktex\bin\x64\;C:\Program Files\Intel\WiFi\bin\;C:\Program Files\Common Files\Intel\WirelessCommon\;C:\Program Files (x86)\Smart Projects\IsoBuster;C:\Program Files\dotnet\;C:\Program Files\Git\cmd;C:\Program Files\PostgreSQL\13\bin;C:\Strawberry\c\bin;C:\Strawberry\perl\site\bin;C:\Strawberry\perl\bin;C:\Users\jouanot\AppData\Local\Programs\Python\Python311;;C:\Program Files\Docker\Docker\resources\bin;C:\Program Files (x86)\Intel\Intel(R) Management Engine Components\DAL;C:\Program Files\Intel\Intel(R) Management Engine Components\DAL;C:\Users\jouanot\scoop\apps\nodejs\current\bin;C:\Users\jouanot\scoop\apps\nodejs\current;C:\Users\jouanot\go\bin;C:\Users\jouanot\scoop\shims;C:\Users\jouanot\miniconda3;C:\Users\jouanot\miniconda3\Library\mingw-w64\bin;C:\Users\jouanot\miniconda3\Library\usr\bin;C:\Users\jouanot\miniconda3\Library\bin;C:\Users\jouanot\miniconda3\Scripts;C:\Users\jouanot\AppData\Local\Microsoft\WindowsApps;C:\Users\jouanot\AppData\Local\Programs\Microsoft VS Code\bin;C:\emulateur\exl\tasm;C:\emulateur\exl\tools;C:\Program Files\heroku\bin;C:\Program Files (x86)\Nmap;C:\Users\jouanot\AppData\Local\Programs\Python\Python311;C:\Users\jouanot\AppData\Local\Microsoft\WinGet\Links;C:\maven\apache-maven-3.9.5\bin;;C:\Program Files\JetBrains\IntelliJ IDEA 2023.2.3\bin;;."/>
    <property name="java.vm.info" value="mixed mode, sharing"/>
    <property name="java.vendor" value="Oracle Corporation"/>
    <property name="java.vm.version" value="17.0.6+9-LTS-190"/>
    <property name="sun.io.unicode.encoding" value="UnicodeLittle"/>
    <property name="java.class.version" value="61.0"/>
  </properties>
  <testcase name="testFindAllAuthors" classname="Testing.AuthorDAOTest" time="2.818">
    <system-out><![CDATA[Hibernate: drop table if exists Author cascade 
Hibernate: drop table if exists Book cascade 
Hibernate: drop table if exists Book_Author cascade 
Hibernate: drop table if exists Category cascade 
Hibernate: create table Author (id bigint generated by default as identity, name varchar(255), primary key (id))
Hibernate: create table Book (pageCount integer, category_id bigint, id bigint generated by default as identity, book_type varchar(31) not null, format varchar(255), title varchar(255), primary key (id))
Hibernate: create table Book_Author (Book_id bigint not null, authors_id bigint not null, primary key (Book_id, authors_id))
Hibernate: create table Category (id bigint generated by default as identity, name varchar(255), primary key (id))
Hibernate: alter table if exists Book add constraint FKe4psgwi6953wvbqxruna75yax foreign key (category_id) references Category
Hibernate: alter table if exists Book_Author add constraint FKt42qaxhbq87yfijncjfrs5ukc foreign key (authors_id) references Author
Hibernate: alter table if exists Book_Author add constraint FKsbb54ii8mmfvh6h2lr0vf2r7f foreign key (Book_id) references Book
Hibernate: insert into Author (name,id) values (?,default)
Hibernate: insert into Author (name,id) values (?,default)
Hibernate: select a1_0.id,a1_0.name from Author a1_0
]]></system-out>
    <system-err><![CDATA[nov. 21, 2023 10:45:24 AM org.hibernate.jpa.internal.util.LogHelper logPersistenceUnitInformation
INFO: HHH000204: Processing PersistenceUnitInfo [name: myPersistenceUnit]
nov. 21, 2023 10:45:24 AM org.hibernate.Version logVersion
INFO: HHH000412: Hibernate ORM core version 6.3.1.Final
nov. 21, 2023 10:45:24 AM org.hibernate.cache.internal.RegionFactoryInitiator initiateService
INFO: HHH000026: Second-level cache disabled
nov. 21, 2023 10:45:25 AM org.hibernate.engine.jdbc.connections.internal.DriverManagerConnectionProviderImpl configure
WARN: HHH10001002: Using built-in connection pool (not intended for production use)
nov. 21, 2023 10:45:25 AM org.hibernate.engine.jdbc.connections.internal.DriverManagerConnectionProviderImpl buildCreator
INFO: HHH10001005: Loaded JDBC driver class: org.h2.Driver
nov. 21, 2023 10:45:25 AM org.hibernate.engine.jdbc.connections.internal.DriverManagerConnectionProviderImpl buildCreator
INFO: HHH10001012: Connecting with JDBC URL [jdbc:h2:mem:test]
nov. 21, 2023 10:45:25 AM org.hibernate.engine.jdbc.connections.internal.DriverManagerConnectionProviderImpl buildCreator
INFO: HHH10001001: Connection properties: {password=****, user=sa}
nov. 21, 2023 10:45:25 AM org.hibernate.engine.jdbc.connections.internal.DriverManagerConnectionProviderImpl buildCreator
INFO: HHH10001003: Autocommit mode: false
nov. 21, 2023 10:45:25 AM org.hibernate.engine.jdbc.connections.internal.DriverManagerConnectionProviderImpl$PooledConnections <init>
INFO: HHH10001115: Connection pool size: 20 (min=1)
nov. 21, 2023 10:45:25 AM org.hibernate.dialect.Dialect checkVersion
WARN: HHH000511: The 1.4.200 version for [org.hibernate.dialect.H2Dialect] is no longer supported, hence certain features may not work properly. The minimum supported version is 2.1.214. Check the community dialects project for available legacy versions.
nov. 21, 2023 10:45:26 AM org.hibernate.engine.transaction.jta.platform.internal.JtaPlatformInitiator initiateService
INFO: HHH000489: No JTA platform available (set 'hibernate.transaction.jta.platform' to enable JTA platform integration)
nov. 21, 2023 10:45:26 AM org.hibernate.resource.transaction.backend.jdbc.internal.DdlTransactionIsolatorNonJtaImpl getIsolatedConnection
INFO: HHH10001501: Connection obtained from JdbcConnectionAccess [org.hibernate.engine.jdbc.env.internal.JdbcEnvironmentInitiator$ConnectionProviderJdbcConnectionAccess@7c5df615] for (non-JTA) DDL execution was not in auto-commit mode; the Connection 'local transaction' will be committed and the Connection will be set into auto-commit mode.
nov. 21, 2023 10:45:26 AM org.hibernate.resource.transaction.backend.jdbc.internal.DdlTransactionIsolatorNonJtaImpl getIsolatedConnection
INFO: HHH10001501: Connection obtained from JdbcConnectionAccess [org.hibernate.engine.jdbc.env.internal.JdbcEnvironmentInitiator$ConnectionProviderJdbcConnectionAccess@c2cf597] for (non-JTA) DDL execution was not in auto-commit mode; the Connection 'local transaction' will be committed and the Connection will be set into auto-commit mode.
nov. 21, 2023 10:45:27 AM org.hibernate.engine.jdbc.connections.internal.DriverManagerConnectionProviderImpl$PoolState stop
INFO: HHH10001008: Cleaning up connection pool [jdbc:h2:mem:test]
]]></system-err>
  </testcase>
  <testcase name="testUpdateAuthor" classname="Testing.AuthorDAOTest" time="0.212">
    <system-out><![CDATA[Hibernate: drop table if exists Author cascade 
Hibernate: drop table if exists Book cascade 
Hibernate: drop table if exists Book_Author cascade 
Hibernate: drop table if exists Category cascade 
Hibernate: create table Author (id bigint generated by default as identity, name varchar(255), primary key (id))
Hibernate: create table Book (pageCount integer, category_id bigint, id bigint generated by default as identity, book_type varchar(31) not null, format varchar(255), title varchar(255), primary key (id))
Hibernate: create table Book_Author (Book_id bigint not null, authors_id bigint not null, primary key (Book_id, authors_id))
Hibernate: create table Category (id bigint generated by default as identity, name varchar(255), primary key (id))
Hibernate: alter table if exists Book add constraint FKe4psgwi6953wvbqxruna75yax foreign key (category_id) references Category
Hibernate: alter table if exists Book_Author add constraint FKt42qaxhbq87yfijncjfrs5ukc foreign key (authors_id) references Author
Hibernate: alter table if exists Book_Author add constraint FKsbb54ii8mmfvh6h2lr0vf2r7f foreign key (Book_id) references Book
Hibernate: insert into Author (name,id) values (?,default)
Hibernate: select a1_0.id,a1_0.name from Author a1_0 where a1_0.id=?
Hibernate: update Author set name=? where id=?
Hibernate: select a1_0.id,a1_0.name from Author a1_0 where a1_0.id=?
]]></system-out>
    <system-err><![CDATA[nov. 21, 2023 10:45:27 AM org.hibernate.jpa.internal.util.LogHelper logPersistenceUnitInformation
INFO: HHH000204: Processing PersistenceUnitInfo [name: myPersistenceUnit]
nov. 21, 2023 10:45:27 AM org.hibernate.cache.internal.RegionFactoryInitiator initiateService
INFO: HHH000026: Second-level cache disabled
nov. 21, 2023 10:45:27 AM org.hibernate.engine.jdbc.connections.internal.DriverManagerConnectionProviderImpl configure
WARN: HHH10001002: Using built-in connection pool (not intended for production use)
nov. 21, 2023 10:45:27 AM org.hibernate.engine.jdbc.connections.internal.DriverManagerConnectionProviderImpl buildCreator
INFO: HHH10001005: Loaded JDBC driver class: org.h2.Driver
nov. 21, 2023 10:45:27 AM org.hibernate.engine.jdbc.connections.internal.DriverManagerConnectionProviderImpl buildCreator
INFO: HHH10001012: Connecting with JDBC URL [jdbc:h2:mem:test]
nov. 21, 2023 10:45:27 AM org.hibernate.engine.jdbc.connections.internal.DriverManagerConnectionProviderImpl buildCreator
INFO: HHH10001001: Connection properties: {password=****, user=sa}
nov. 21, 2023 10:45:27 AM org.hibernate.engine.jdbc.connections.internal.DriverManagerConnectionProviderImpl buildCreator
INFO: HHH10001003: Autocommit mode: false
nov. 21, 2023 10:45:27 AM org.hibernate.engine.jdbc.connections.internal.DriverManagerConnectionProviderImpl$PooledConnections <init>
INFO: HHH10001115: Connection pool size: 20 (min=1)
nov. 21, 2023 10:45:27 AM org.hibernate.dialect.Dialect checkVersion
WARN: HHH000511: The 1.4.200 version for [org.hibernate.dialect.H2Dialect] is no longer supported, hence certain features may not work properly. The minimum supported version is 2.1.214. Check the community dialects project for available legacy versions.
nov. 21, 2023 10:45:27 AM org.hibernate.engine.transaction.jta.platform.internal.JtaPlatformInitiator initiateService
INFO: HHH000489: No JTA platform available (set 'hibernate.transaction.jta.platform' to enable JTA platform integration)
nov. 21, 2023 10:45:27 AM org.hibernate.resource.transaction.backend.jdbc.internal.DdlTransactionIsolatorNonJtaImpl getIsolatedConnection
INFO: HHH10001501: Connection obtained from JdbcConnectionAccess [org.hibernate.engine.jdbc.env.internal.JdbcEnvironmentInitiator$ConnectionProviderJdbcConnectionAccess@44a93f8a] for (non-JTA) DDL execution was not in auto-commit mode; the Connection 'local transaction' will be committed and the Connection will be set into auto-commit mode.
nov. 21, 2023 10:45:27 AM org.hibernate.resource.transaction.backend.jdbc.internal.DdlTransactionIsolatorNonJtaImpl getIsolatedConnection
INFO: HHH10001501: Connection obtained from JdbcConnectionAccess [org.hibernate.engine.jdbc.env.internal.JdbcEnvironmentInitiator$ConnectionProviderJdbcConnectionAccess@26463a6] for (non-JTA) DDL execution was not in auto-commit mode; the Connection 'local transaction' will be committed and the Connection will be set into auto-commit mode.
nov. 21, 2023 10:45:27 AM org.hibernate.engine.jdbc.connections.internal.DriverManagerConnectionProviderImpl$PoolState stop
INFO: HHH10001008: Cleaning up connection pool [jdbc:h2:mem:test]
]]></system-err>
  </testcase>
  <testcase name="testDeleteAuthor" classname="Testing.AuthorDAOTest" time="0.174">
    <system-out><![CDATA[Hibernate: drop table if exists Author cascade 
Hibernate: drop table if exists Book cascade 
Hibernate: drop table if exists Book_Author cascade 
Hibernate: drop table if exists Category cascade 
Hibernate: create table Author (id bigint generated by default as identity, name varchar(255), primary key (id))
Hibernate: create table Book (pageCount integer, category_id bigint, id bigint generated by default as identity, book_type varchar(31) not null, format varchar(255), title varchar(255), primary key (id))
Hibernate: create table Book_Author (Book_id bigint not null, authors_id bigint not null, primary key (Book_id, authors_id))
Hibernate: create table Category (id bigint generated by default as identity, name varchar(255), primary key (id))
Hibernate: alter table if exists Book add constraint FKe4psgwi6953wvbqxruna75yax foreign key (category_id) references Category
Hibernate: alter table if exists Book_Author add constraint FKt42qaxhbq87yfijncjfrs5ukc foreign key (authors_id) references Author
Hibernate: alter table if exists Book_Author add constraint FKsbb54ii8mmfvh6h2lr0vf2r7f foreign key (Book_id) references Book
Hibernate: insert into Author (name,id) values (?,default)
Hibernate: select a1_0.id,a1_0.name from Author a1_0 where a1_0.id=?
Hibernate: delete from Author where id=?
Hibernate: select a1_0.id,a1_0.name from Author a1_0 where a1_0.id=?
]]></system-out>
    <system-err><![CDATA[nov. 21, 2023 10:45:27 AM org.hibernate.jpa.internal.util.LogHelper logPersistenceUnitInformation
INFO: HHH000204: Processing PersistenceUnitInfo [name: myPersistenceUnit]
nov. 21, 2023 10:45:27 AM org.hibernate.cache.internal.RegionFactoryInitiator initiateService
INFO: HHH000026: Second-level cache disabled
nov. 21, 2023 10:45:27 AM org.hibernate.engine.jdbc.connections.internal.DriverManagerConnectionProviderImpl configure
WARN: HHH10001002: Using built-in connection pool (not intended for production use)
nov. 21, 2023 10:45:27 AM org.hibernate.engine.jdbc.connections.internal.DriverManagerConnectionProviderImpl buildCreator
INFO: HHH10001005: Loaded JDBC driver class: org.h2.Driver
nov. 21, 2023 10:45:27 AM org.hibernate.engine.jdbc.connections.internal.DriverManagerConnectionProviderImpl buildCreator
INFO: HHH10001012: Connecting with JDBC URL [jdbc:h2:mem:test]
nov. 21, 2023 10:45:27 AM org.hibernate.engine.jdbc.connections.internal.DriverManagerConnectionProviderImpl buildCreator
INFO: HHH10001001: Connection properties: {password=****, user=sa}
nov. 21, 2023 10:45:27 AM org.hibernate.engine.jdbc.connections.internal.DriverManagerConnectionProviderImpl buildCreator
INFO: HHH10001003: Autocommit mode: false
nov. 21, 2023 10:45:27 AM org.hibernate.engine.jdbc.connections.internal.DriverManagerConnectionProviderImpl$PooledConnections <init>
INFO: HHH10001115: Connection pool size: 20 (min=1)
nov. 21, 2023 10:45:27 AM org.hibernate.dialect.Dialect checkVersion
WARN: HHH000511: The 1.4.200 version for [org.hibernate.dialect.H2Dialect] is no longer supported, hence certain features may not work properly. The minimum supported version is 2.1.214. Check the community dialects project for available legacy versions.
nov. 21, 2023 10:45:27 AM org.hibernate.engine.transaction.jta.platform.internal.JtaPlatformInitiator initiateService
INFO: HHH000489: No JTA platform available (set 'hibernate.transaction.jta.platform' to enable JTA platform integration)
nov. 21, 2023 10:45:27 AM org.hibernate.resource.transaction.backend.jdbc.internal.DdlTransactionIsolatorNonJtaImpl getIsolatedConnection
INFO: HHH10001501: Connection obtained from JdbcConnectionAccess [org.hibernate.engine.jdbc.env.internal.JdbcEnvironmentInitiator$ConnectionProviderJdbcConnectionAccess@1de08775] for (non-JTA) DDL execution was not in auto-commit mode; the Connection 'local transaction' will be committed and the Connection will be set into auto-commit mode.
nov. 21, 2023 10:45:27 AM org.hibernate.resource.transaction.backend.jdbc.internal.DdlTransactionIsolatorNonJtaImpl getIsolatedConnection
INFO: HHH10001501: Connection obtained from JdbcConnectionAccess [org.hibernate.engine.jdbc.env.internal.JdbcEnvironmentInitiator$ConnectionProviderJdbcConnectionAccess@2dbf2da] for (non-JTA) DDL execution was not in auto-commit mode; the Connection 'local transaction' will be committed and the Connection will be set into auto-commit mode.
nov. 21, 2023 10:45:27 AM org.hibernate.engine.jdbc.connections.internal.DriverManagerConnectionProviderImpl$PoolState stop
INFO: HHH10001008: Cleaning up connection pool [jdbc:h2:mem:test]
]]></system-err>
  </testcase>
  <testcase name="testFindById" classname="Testing.AuthorDAOTest" time="0.152">
    <system-out><![CDATA[Hibernate: drop table if exists Author cascade 
Hibernate: drop table if exists Book cascade 
Hibernate: drop table if exists Book_Author cascade 
Hibernate: drop table if exists Category cascade 
Hibernate: create table Author (id bigint generated by default as identity, name varchar(255), primary key (id))
Hibernate: create table Book (pageCount integer, category_id bigint, id bigint generated by default as identity, book_type varchar(31) not null, format varchar(255), title varchar(255), primary key (id))
Hibernate: create table Book_Author (Book_id bigint not null, authors_id bigint not null, primary key (Book_id, authors_id))
Hibernate: create table Category (id bigint generated by default as identity, name varchar(255), primary key (id))
Hibernate: alter table if exists Book add constraint FKe4psgwi6953wvbqxruna75yax foreign key (category_id) references Category
Hibernate: alter table if exists Book_Author add constraint FKt42qaxhbq87yfijncjfrs5ukc foreign key (authors_id) references Author
Hibernate: alter table if exists Book_Author add constraint FKsbb54ii8mmfvh6h2lr0vf2r7f foreign key (Book_id) references Book
Hibernate: insert into Author (name,id) values (?,default)
Hibernate: select a1_0.id,a1_0.name from Author a1_0 where a1_0.id=?
]]></system-out>
    <system-err><![CDATA[nov. 21, 2023 10:45:27 AM org.hibernate.jpa.internal.util.LogHelper logPersistenceUnitInformation
INFO: HHH000204: Processing PersistenceUnitInfo [name: myPersistenceUnit]
nov. 21, 2023 10:45:27 AM org.hibernate.cache.internal.RegionFactoryInitiator initiateService
INFO: HHH000026: Second-level cache disabled
nov. 21, 2023 10:45:27 AM org.hibernate.engine.jdbc.connections.internal.DriverManagerConnectionProviderImpl configure
WARN: HHH10001002: Using built-in connection pool (not intended for production use)
nov. 21, 2023 10:45:27 AM org.hibernate.engine.jdbc.connections.internal.DriverManagerConnectionProviderImpl buildCreator
INFO: HHH10001005: Loaded JDBC driver class: org.h2.Driver
nov. 21, 2023 10:45:27 AM org.hibernate.engine.jdbc.connections.internal.DriverManagerConnectionProviderImpl buildCreator
INFO: HHH10001012: Connecting with JDBC URL [jdbc:h2:mem:test]
nov. 21, 2023 10:45:27 AM org.hibernate.engine.jdbc.connections.internal.DriverManagerConnectionProviderImpl buildCreator
INFO: HHH10001001: Connection properties: {password=****, user=sa}
nov. 21, 2023 10:45:27 AM org.hibernate.engine.jdbc.connections.internal.DriverManagerConnectionProviderImpl buildCreator
INFO: HHH10001003: Autocommit mode: false
nov. 21, 2023 10:45:27 AM org.hibernate.engine.jdbc.connections.internal.DriverManagerConnectionProviderImpl$PooledConnections <init>
INFO: HHH10001115: Connection pool size: 20 (min=1)
nov. 21, 2023 10:45:27 AM org.hibernate.dialect.Dialect checkVersion
WARN: HHH000511: The 1.4.200 version for [org.hibernate.dialect.H2Dialect] is no longer supported, hence certain features may not work properly. The minimum supported version is 2.1.214. Check the community dialects project for available legacy versions.
nov. 21, 2023 10:45:27 AM org.hibernate.engine.transaction.jta.platform.internal.JtaPlatformInitiator initiateService
INFO: HHH000489: No JTA platform available (set 'hibernate.transaction.jta.platform' to enable JTA platform integration)
nov. 21, 2023 10:45:27 AM org.hibernate.resource.transaction.backend.jdbc.internal.DdlTransactionIsolatorNonJtaImpl getIsolatedConnection
INFO: HHH10001501: Connection obtained from JdbcConnectionAccess [org.hibernate.engine.jdbc.env.internal.JdbcEnvironmentInitiator$ConnectionProviderJdbcConnectionAccess@35ceec81] for (non-JTA) DDL execution was not in auto-commit mode; the Connection 'local transaction' will be committed and the Connection will be set into auto-commit mode.
nov. 21, 2023 10:45:27 AM org.hibernate.resource.transaction.backend.jdbc.internal.DdlTransactionIsolatorNonJtaImpl getIsolatedConnection
INFO: HHH10001501: Connection obtained from JdbcConnectionAccess [org.hibernate.engine.jdbc.env.internal.JdbcEnvironmentInitiator$ConnectionProviderJdbcConnectionAccess@d13379e] for (non-JTA) DDL execution was not in auto-commit mode; the Connection 'local transaction' will be committed and the Connection will be set into auto-commit mode.
nov. 21, 2023 10:45:27 AM org.hibernate.engine.jdbc.connections.internal.DriverManagerConnectionProviderImpl$PoolState stop
INFO: HHH10001008: Cleaning up connection pool [jdbc:h2:mem:test]
]]></system-err>
  </testcase>
  <testcase name="testCreateAuthor" classname="Testing.AuthorDAOTest" time="0.13">
    <system-out><![CDATA[Hibernate: drop table if exists Author cascade 
Hibernate: drop table if exists Book cascade 
Hibernate: drop table if exists Book_Author cascade 
Hibernate: drop table if exists Category cascade 
Hibernate: create table Author (id bigint generated by default as identity, name varchar(255), primary key (id))
Hibernate: create table Book (pageCount integer, category_id bigint, id bigint generated by default as identity, book_type varchar(31) not null, format varchar(255), title varchar(255), primary key (id))
Hibernate: create table Book_Author (Book_id bigint not null, authors_id bigint not null, primary key (Book_id, authors_id))
Hibernate: create table Category (id bigint generated by default as identity, name varchar(255), primary key (id))
Hibernate: alter table if exists Book add constraint FKe4psgwi6953wvbqxruna75yax foreign key (category_id) references Category
Hibernate: alter table if exists Book_Author add constraint FKt42qaxhbq87yfijncjfrs5ukc foreign key (authors_id) references Author
Hibernate: alter table if exists Book_Author add constraint FKsbb54ii8mmfvh6h2lr0vf2r7f foreign key (Book_id) references Book
Hibernate: insert into Author (name,id) values (?,default)
]]></system-out>
    <system-err><![CDATA[nov. 21, 2023 10:45:27 AM org.hibernate.jpa.internal.util.LogHelper logPersistenceUnitInformation
INFO: HHH000204: Processing PersistenceUnitInfo [name: myPersistenceUnit]
nov. 21, 2023 10:45:27 AM org.hibernate.cache.internal.RegionFactoryInitiator initiateService
INFO: HHH000026: Second-level cache disabled
nov. 21, 2023 10:45:27 AM org.hibernate.engine.jdbc.connections.internal.DriverManagerConnectionProviderImpl configure
WARN: HHH10001002: Using built-in connection pool (not intended for production use)
nov. 21, 2023 10:45:27 AM org.hibernate.engine.jdbc.connections.internal.DriverManagerConnectionProviderImpl buildCreator
INFO: HHH10001005: Loaded JDBC driver class: org.h2.Driver
nov. 21, 2023 10:45:27 AM org.hibernate.engine.jdbc.connections.internal.DriverManagerConnectionProviderImpl buildCreator
INFO: HHH10001012: Connecting with JDBC URL [jdbc:h2:mem:test]
nov. 21, 2023 10:45:27 AM org.hibernate.engine.jdbc.connections.internal.DriverManagerConnectionProviderImpl buildCreator
INFO: HHH10001001: Connection properties: {password=****, user=sa}
nov. 21, 2023 10:45:27 AM org.hibernate.engine.jdbc.connections.internal.DriverManagerConnectionProviderImpl buildCreator
INFO: HHH10001003: Autocommit mode: false
nov. 21, 2023 10:45:27 AM org.hibernate.engine.jdbc.connections.internal.DriverManagerConnectionProviderImpl$PooledConnections <init>
INFO: HHH10001115: Connection pool size: 20 (min=1)
nov. 21, 2023 10:45:27 AM org.hibernate.dialect.Dialect checkVersion
WARN: HHH000511: The 1.4.200 version for [org.hibernate.dialect.H2Dialect] is no longer supported, hence certain features may not work properly. The minimum supported version is 2.1.214. Check the community dialects project for available legacy versions.
nov. 21, 2023 10:45:27 AM org.hibernate.engine.transaction.jta.platform.internal.JtaPlatformInitiator initiateService
INFO: HHH000489: No JTA platform available (set 'hibernate.transaction.jta.platform' to enable JTA platform integration)
nov. 21, 2023 10:45:27 AM org.hibernate.resource.transaction.backend.jdbc.internal.DdlTransactionIsolatorNonJtaImpl getIsolatedConnection
INFO: HHH10001501: Connection obtained from JdbcConnectionAccess [org.hibernate.engine.jdbc.env.internal.JdbcEnvironmentInitiator$ConnectionProviderJdbcConnectionAccess@7c9ea1d0] for (non-JTA) DDL execution was not in auto-commit mode; the Connection 'local transaction' will be committed and the Connection will be set into auto-commit mode.
nov. 21, 2023 10:45:27 AM org.hibernate.resource.transaction.backend.jdbc.internal.DdlTransactionIsolatorNonJtaImpl getIsolatedConnection
INFO: HHH10001501: Connection obtained from JdbcConnectionAccess [org.hibernate.engine.jdbc.env.internal.JdbcEnvironmentInitiator$ConnectionProviderJdbcConnectionAccess@72f3acc9] for (non-JTA) DDL execution was not in auto-commit mode; the Connection 'local transaction' will be committed and the Connection will be set into auto-commit mode.
nov. 21, 2023 10:45:27 AM org.hibernate.engine.jdbc.connections.internal.DriverManagerConnectionProviderImpl$PoolState stop
INFO: HHH10001008: Cleaning up connection pool [jdbc:h2:mem:test]
]]></system-err>
  </testcase>
</testsuite>